Mono path[0] = '/Users/apple/Documents/GitHub/Cricket24/CricketAI.app/Contents/Resources/Data/Managed'
Mono config path = '/Users/apple/Documents/GitHub/Cricket24/CricketAI.app/Contents/MonoBleedingEdge/etc'
[Physics::Module] Initialized MultithreadedJobDispatcher with 11 workers.
Initialize engine version: 2023.2.20f1 (0e25a174756c)
[Subsystems] Discovering subsystems at path /Users/apple/Documents/GitHub/Cricket24/CricketAI.app/Contents/Resources/Data/UnitySubsystems
GfxDevice: creating device client; kGfxThreadingModeThreaded
Color LCD preferred device: AMD Radeon Pro 560X (high power)
Metal devices available: 2
0: AMD Radeon Pro 560X (high power)
1: Intel(R) UHD Graphics 630 (low power)
Using device AMD Radeon Pro 560X (high power)
Initializing Metal device caps: AMD Radeon Pro 560X
Begin MonoManager ReloadAssembly
- Loaded All Assemblies, in  0.227 seconds
- Finished resetting the current domain, in  0.004 seconds
2025-03-28 05:31:05.212 cricket[15427:567740] +[IMKClient subclass]: chose IMKClient_Modern
2025-03-28 05:31:05.212 cricket[15427:567740] +[IMKInputSession subclass]: chose IMKInputSession_Modern
The referenced script on this Behaviour (Game Object 'Vibration') is missing!
The referenced script on this Behaviour (Game Object 'Sun') is missing!
UnloadTime: 1.152618 ms
Failed to create agent because there is no valid NavMesh
Failed to create agent because there is no valid NavMesh
Failed to create agent because there is no valid NavMesh
Failed to create agent because there is no valid NavMesh
Failed to create agent because there is no valid NavMesh
Failed to create agent because there is no valid NavMesh
Failed to create agent because there is no valid NavMesh
Failed to create agent because there is no valid NavMesh
Failed to create agent because there is no valid NavMesh
Failed to create agent because there is no valid NavMesh
Registered Communicator in Agent.
Fewer observations (0) made than vector observation size (6). The observations will be padded.
Fewer observations (0) made than vector observation size (6). The observations will be padded.
Fewer observations (0) made than vector observation size (6). The observations will be padded.
Fewer observations (0) made than vector observation size (6). The observations will be padded.
Fewer observations (0) made than vector observation size (6). The observations will be padded.
Fewer observations (0) made than vector observation size (6). The observations will be padded.
Fewer observations (0) made than vector observation size (6). The observations will be padded.
Fewer observations (0) made than vector observation size (6). The observations will be padded.
Fewer observations (0) made than vector observation size (6). The observations will be padded.
Fewer observations (0) made than vector observation size (6). The observations will be padded.
BoxCollider does not support negative scale or size.
The effective box size has been forced positive and is likely to give unexpected collision geometry.
If you absolutely need to use negative scaling you can use the convex MeshCollider. Scene hierarchy path "newBatter/Base HumanPelvis/Base HumanSpine1/Base HumanSpine2/Base HumanSpine3/Base HumanRibcage/Base HumanLCollarbone/Base HumanLUpperarm/Base HumanLForearm/Base HumanLPalm/bat (1)/colliders/cMidEdge1 (1)"
BoxCollider does not support negative scale or size.
The effective box size has been forced positive and is likely to give unexpected collision geometry.
If you absolutely need to use negative scaling you can use the convex MeshCollider. Scene hierarchy path "newBatter/Base HumanPelvis/Base HumanSpine1/Base HumanSpine2/Base HumanSpine3/Base HumanRibcage/Base HumanLCollarbone/Base HumanLUpperarm/Base HumanLForearm/Base HumanLPalm/bat (1)/colliders/cTop"
BoxCollider does not support negative scale or size.
The effective box size has been forced positive and is likely to give unexpected collision geometry.
If you absolutely need to use negative scaling you can use the convex MeshCollider. Scene hierarchy path "newBatter/Base HumanPelvis/Base HumanSpine1/Base HumanSpine2/Base HumanSpine3/Base HumanRibcage/Base HumanLCollarbone/Base HumanLUpperarm/Base HumanLForearm/Base HumanLPalm/bat (1)/colliders/cMidCenter"
BoxCollider does not support negative scale or size.
The effective box size has been forced positive and is likely to give unexpected collision geometry.
If you absolutely need to use negative scaling you can use the convex MeshCollider. Scene hierarchy path "newBatter/Base HumanPelvis/Base HumanSpine1/Base HumanSpine2/Base HumanSpine3/Base HumanRibcage/Base HumanLCollarbone/Base HumanLUpperarm/Base HumanLForearm/Base HumanLPalm/bat (1)/colliders/cHandle"
BoxCollider does not support negative scale or size.
The effective box size has been forced positive and is likely to give unexpected collision geometry.
If you absolutely need to use negative scaling you can use the convex MeshCollider. Scene hierarchy path "newBatter/Base HumanPelvis/Base HumanSpine1/Base HumanSpine2/Base HumanSpine3/Base HumanRibcage/Base HumanLCollarbone/Base HumanLUpperarm/Base HumanLForearm/Base HumanLPalm/bat (1)/colliders/cMidEdge1"
BoxCollider does not support negative scale or size.
The effective box size has been forced positive and is likely to give unexpected collision geometry.
If you absolutely need to use negative scaling you can use the convex MeshCollider. Scene hierarchy path "newBatter/Base HumanPelvis/Base HumanSpine1/Base HumanSpine2/Base HumanSpine3/Base HumanRibcage/Base HumanLCollarbone/Base HumanLUpperarm/Base HumanLForearm/Base HumanLPalm/bat (1)/colliders/cBottomCenter"
BoxCollider does not support negative scale or size.
The effective box size has been forced positive and is likely to give unexpected collision geometry.
If you absolutely need to use negative scaling you can use the convex MeshCollider. Scene hierarchy path "newBatter/Base HumanPelvis/Base HumanSpine1/Base HumanSpine2/Base HumanSpine3/Base HumanRibcage/Base HumanLCollarbone/Base HumanLUpperarm/Base HumanLForearm/Base HumanLPalm/bat (1)/colliders/cUpper"
Fewer observations (0) made than vector observation size (6). The observations will be padded.
Fewer observations (0) made than vector observation size (6). The observations will be padded.
Fewer observations (0) made than vector observation size (6). The observations will be padded.
Fewer observations (0) made than vector observation size (6). The observations will be padded.
Fewer observations (0) made than vector observation size (6). The observations will be padded.
Fewer observations (0) made than vector observation size (6). The observations will be padded.
Fewer observations (0) made than vector observation size (6). The observations will be padded.
Fewer observations (0) made than vector observation size (6). The observations will be padded.
Fewer observations (0) made than vector observation size (6). The observations will be padded.
Fewer observations (0) made than vector observation size (6). The observations will be padded.
Fewer observations (0) made than vector observation size (6). The observations will be padded.
Fewer observations (0) made than vector observation size (6). The observations will be padded.
Fewer observations (0) made than vector observation size (6). The observations will be padded.
Fewer observations (0) made than vector observation size (6). The observations will be padded.
Fewer observations (0) made than vector observation size (6). The observations will be padded.
Fewer observations (0) made than vector observation size (6). The observations will be padded.
Fewer observations (0) made than vector observation size (6). The observations will be padded.
Fewer observations (0) made than vector observation size (6). The observations will be padded.
Fewer observations (0) made than vector observation size (6). The observations will be padded.
Fewer observations (0) made than vector observation size (6). The observations will be padded.
Fewer observations (0) made than vector observation size (6). The observations will be padded.
Fewer observations (0) made than vector observation size (6). The observations will be padded.
Fewer observations (0) made than vector observation size (6). The observations will be padded.
Fewer observations (0) made than vector observation size (6). The observations will be padded.
Fewer observations (0) made than vector observation size (6). The observations will be padded.
Fewer observations (0) made than vector observation size (6). The observations will be padded.
Fewer observations (0) made than vector observation size (6). The observations will be padded.
Fewer observations (0) made than vector observation size (6). The observations will be padded.
Fewer observations (0) made than vector observation size (6). The observations will be padded.
Fewer observations (0) made than vector observation size (6). The observations will be padded.
Setting up 3 worker threads for Enlighten.
Memory Statistics:
[ALLOC_TEMP_TLS] TLS Allocator
  StackAllocators : 
    [ALLOC_TEMP_MAIN]
      Peak usage frame count: [2.0 MB-4.0 MB]: 1 frames
      Initial Block Size 4.0 MB
      Current Block Size 4.0 MB
      Peak Allocated Bytes 2.2 MB
      Overflow Count 0
    [ALLOC_TEMP_Background Job.worker 4]
      Initial Block Size 32.0 KB
      Current Block Size 32.0 KB
      Peak Allocated Bytes 0 B
      Overflow Count 0
    [ALLOC_TEMP_Loading.PreloadManager]
      Initial Block Size 256.0 KB
      Current Block Size 504.0 KB
      Peak Allocated Bytes 417.2 KB
      Overflow Count 12
    [ALLOC_TEMP_Background Job.worker 3]
      Initial Block Size 32.0 KB
      Current Block Size 32.0 KB
      Peak Allocated Bytes 0 B
      Overflow Count 0
    [ALLOC_TEMP_Background Job.worker 11]
      Initial Block Size 32.0 KB
      Current Block Size 32.0 KB
      Peak Allocated Bytes 0 B
      Overflow Count 0
    [ALLOC_TEMP_Background Job.worker 7]
      Initial Block Size 32.0 KB
      Current Block Size 32.0 KB
      Peak Allocated Bytes 0 B
      Overflow Count 0
    [ALLOC_TEMP_Background Job.worker 6]
      Initial Block Size 32.0 KB
      Current Block Size 32.0 KB
      Peak Allocated Bytes 0 B
      Overflow Count 0
    [ALLOC_TEMP_Background Job.worker 12]
      Initial Block Size 32.0 KB
      Current Block Size 32.0 KB
      Peak Allocated Bytes 0 B
      Overflow Count 0
    [ALLOC_TEMP_Background Job.worker 2]
      Initial Block Size 32.0 KB
      Current Block Size 32.0 KB
      Peak Allocated Bytes 0 B
      Overflow Count 0
    [ALLOC_TEMP_Background Job.worker 9]
      Initial Block Size 32.0 KB
      Current Block Size 32.0 KB
      Peak Allocated Bytes 0 B
      Overflow Count 0
    [ALLOC_TEMP_Job.worker 0]
      Initial Block Size 256.0 KB
      Current Block Size 256.0 KB
      Peak Allocated Bytes 0 B
      Overflow Count 0
    [ALLOC_TEMP_Job.worker 4]
      Initial Block Size 256.0 KB
      Current Block Size 256.0 KB
      Peak Allocated Bytes 0 B
      Overflow Count 0
    [ALLOC_TEMP_Job.worker 5]
      Initial Block Size 256.0 KB
      Current Block Size 256.0 KB
      Peak Allocated Bytes 0 B
      Overflow Count 0
    [ALLOC_TEMP_Background Job.worker 8]
      Initial Block Size 32.0 KB
      Current Block Size 32.0 KB
      Peak Allocated Bytes 0 B
      Overflow Count 0
    [ALLOC_TEMP_Background Job.worker 10]
      Initial Block Size 32.0 KB
      Current Block Size 32.0 KB
      Peak Allocated Bytes 0 B
      Overflow Count 0
    [ALLOC_TEMP_Background Job.worker 1]
      Initial Block Size 32.0 KB
      Current Block Size 32.0 KB
      Peak Allocated Bytes 0 B
      Overflow Count 0
    [ALLOC_TEMP_EnlightenWorker] x 3
      Initial Block Size 64.0 KB
      Current Block Size 64.0 KB
      Peak Allocated Bytes 0 B
      Overflow Count 0
    [ALLOC_TEMP_Job.worker 1]
      Initial Block Size 256.0 KB
      Current Block Size 256.0 KB
      Peak Allocated Bytes 16.6 KB
      Overflow Count 0
    [ALLOC_TEMP_Job.worker 3]
      Initial Block Size 256.0 KB
      Current Block Size 256.0 KB
      Peak Allocated Bytes 1.5 KB
      Overflow Count 0
    [ALLOC_TEMP_Background Job.worker 5]
      Initial Block Size 32.0 KB
      Current Block Size 32.0 KB
      Peak Allocated Bytes 0 B
      Overflow Count 0
    [ALLOC_TEMP_Background Job.worker 13]
      Initial Block Size 32.0 KB
      Current Block Size 32.0 KB
      Peak Allocated Bytes 0 B
      Overflow Count 0
    [ALLOC_TEMP_UnityGfxDeviceWorker]
      Initial Block Size 256.0 KB
      Current Block Size 480.0 KB
      Peak Allocated Bytes 478.5 KB
      Overflow Count 9
    [ALLOC_TEMP_AssetGarbageCollectorHelper] x 11
      Initial Block Size 64.0 KB
      Current Block Size 64.0 KB
      Peak Allocated Bytes 0 B
      Overflow Count 0
    [ALLOC_TEMP_Background Job.worker 15]
      Initial Block Size 32.0 KB
      Current Block Size 32.0 KB
      Peak Allocated Bytes 0 B
      Overflow Count 0
    [ALLOC_TEMP_Job.worker 2]
      Initial Block Size 256.0 KB
      Current Block Size 256.0 KB
      Peak Allocated Bytes 0.9 KB
      Overflow Count 0
    [ALLOC_TEMP_Job.worker 10]
      Initial Block Size 256.0 KB
      Current Block Size 256.0 KB
      Peak Allocated Bytes 0 B
      Overflow Count 0
    [ALLOC_TEMP_Job.worker 7]
      Initial Block Size 256.0 KB
      Current Block Size 256.0 KB
      Peak Allocated Bytes 0 B
      Overflow Count 0
    [ALLOC_TEMP_OSX HID Input]
      Initial Block Size 64.0 KB
      Current Block Size 64.0 KB
      Peak Allocated Bytes 0 B
      Overflow Count 0
    [ALLOC_TEMP_Job.worker 9]
      Initial Block Size 256.0 KB
      Current Block Size 256.0 KB
      Peak Allocated Bytes 0 B
      Overflow Count 0
    [ALLOC_TEMP_Background Job.worker 0]
      Initial Block Size 32.0 KB
      Current Block Size 32.0 KB
      Peak Allocated Bytes 0 B
      Overflow Count 0
    [ALLOC_TEMP_Job.worker 6]
      Initial Block Size 256.0 KB
      Current Block Size 256.0 KB
      Peak Allocated Bytes 0 B
      Overflow Count 0
    [ALLOC_TEMP_Job.worker 8]
      Initial Block Size 256.0 KB
      Current Block Size 256.0 KB
      Peak Allocated Bytes 0 B
      Overflow Count 0
    [ALLOC_TEMP_Background Job.worker 14]
      Initial Block Size 32.0 KB
      Current Block Size 32.0 KB
      Peak Allocated Bytes 0 B
      Overflow Count 0
    [ALLOC_TEMP_Loading.AsyncRead]
      Initial Block Size 64.0 KB
      Current Block Size 64.0 KB
      Peak Allocated Bytes 208 B
      Overflow Count 0
    [ALLOC_TEMP_BatchDeleteObjects]
      Initial Block Size 64.0 KB
      Current Block Size 64.0 KB
      Peak Allocated Bytes 0 B
      Overflow Count 0
[ALLOC_DEFAULT] Dual Thread Allocator
  Peak main deferred allocation count 118
    [ALLOC_BUCKET]
      Large Block size 4.0 MB
      Used Block count 1
      Peak Allocated bytes 3.3 MB
    [ALLOC_DEFAULT_MAIN]
      Peak usage frame count: [16.0 MB-32.0 MB]: 1 frames
      Requested Block Size 16.0 MB
      Peak Block count 2
      Peak Allocated memory 28.3 MB
      Peak Large allocation bytes 8.0 MB
    [ALLOC_DEFAULT_THREAD]
      Peak usage frame count: [32.0 MB-64.0 MB]: 1 frames
      Requested Block Size 16.0 MB
      Peak Block count 1
      Peak Allocated memory 32.4 MB
      Peak Large allocation bytes 28.3 MB
[ALLOC_TEMP_JOB_1_FRAME]
  Initial Block Size 2.0 MB
  Used Block Count 1
  Overflow Count (too large) 0
  Overflow Count (full) 0
[ALLOC_TEMP_JOB_2_FRAMES]
  Initial Block Size 2.0 MB
  Used Block Count 0
  Overflow Count (too large) 0
  Overflow Count (full) 0
[ALLOC_TEMP_JOB_4_FRAMES (JobTemp)]
  Initial Block Size 2.0 MB
  Used Block Count 1
  Overflow Count (too large) 0
  Overflow Count (full) 0
[ALLOC_TEMP_JOB_ASYNC (Background)]
  Initial Block Size 1.0 MB
  Used Block Count 1
  Overflow Count (too large) 3
  Overflow Count (full) 0
[ALLOC_GFX] Dual Thread Allocator
  Peak main deferred allocation count 7
    [ALLOC_BUCKET]
      Large Block size 4.0 MB
      Used Block count 1
      Peak Allocated bytes 3.3 MB
    [ALLOC_GFX_MAIN]
      Peak usage frame count: [8.0 MB-16.0 MB]: 1 frames
      Requested Block Size 16.0 MB
      Peak Block count 1
      Peak Allocated memory 9.6 MB
      Peak Large allocation bytes 0 B
    [ALLOC_GFX_THREAD]
      Peak usage frame count: [8.0 MB-16.0 MB]: 1 frames
      Requested Block Size 16.0 MB
      Peak Block count 1
      Peak Allocated memory 14.8 MB
      Peak Large allocation bytes 0 B
[ALLOC_CACHEOBJECTS] Dual Thread Allocator
  Peak main deferred allocation count 1
    [ALLOC_BUCKET]
      Large Block size 4.0 MB
      Used Block count 1
      Peak Allocated bytes 3.3 MB
    [ALLOC_CACHEOBJECTS_MAIN]
      Peak usage frame count: [32.0 MB-64.0 MB]: 1 frames
      Requested Block Size 4.0 MB
      Peak Block count 8
      Peak Allocated memory 36.6 MB
      Peak Large allocation bytes 10.5 MB
    [ALLOC_CACHEOBJECTS_THREAD]
      Peak usage frame count: [16.0 MB-32.0 MB]: 1 frames
      Requested Block Size 4.0 MB
      Peak Block count 7
      Peak Allocated memory 26.2 MB
      Peak Large allocation bytes 0 B
[ALLOC_TYPETREE] Dual Thread Allocator
  Peak main deferred allocation count 0
    [ALLOC_BUCKET]
      Large Block size 4.0 MB
      Used Block count 1
      Peak Allocated bytes 3.3 MB
    [ALLOC_TYPETREE_MAIN]
      Peak usage frame count: [8.0 KB-16.0 KB]: 1 frames
      Requested Block Size 2.0 MB
      Peak Block count 1
      Peak Allocated memory 11.8 KB
      Peak Large allocation bytes 0 B
    [ALLOC_TYPETREE_THREAD]
      Peak usage frame count: [16.0 KB-32.0 KB]: 1 frames
      Requested Block Size 2.0 MB
      Peak Block count 1
      Peak Allocated memory 23.7 KB
      Peak Large allocation bytes 0 B
